{
  "stats": {
    "suites": 1,
    "tests": 1,
    "passes": 1,
    "pending": 0,
    "failures": 0,
    "start": "2023-10-10T17:08:34.284Z",
    "end": "2023-10-10T17:08:35.497Z",
    "duration": 1213,
    "testsRegistered": 1,
    "passPercent": 100,
    "pendingPercent": 0,
    "other": 0,
    "hasOther": false,
    "skipped": 0,
    "hasSkipped": false
  },
  "results": [
    {
      "uuid": "577bde6b-4c70-49d4-b3fe-6601d604987f",
      "title": "",
      "fullFile": "cypress\\e2e\\API-Test\\10.API_Chaining.cy.js",
      "file": "cypress\\e2e\\API-Test\\10.API_Chaining.cy.js",
      "beforeHooks": [],
      "afterHooks": [],
      "tests": [],
      "suites": [
        {
          "uuid": "0f34d11d-8c91-4bf7-8b1c-0979d82304ac",
          "title": "API chaining",
          "fullFile": "",
          "file": "",
          "beforeHooks": [],
          "afterHooks": [],
          "tests": [
            {
              "title": "get all the post",
              "fullTitle": "API chaining get all the post",
              "timedOut": null,
              "duration": 882,
              "state": "passed",
              "speed": "fast",
              "pass": true,
              "fail": false,
              "pending": false,
              "context": "{\n  \"title\": \"cypress-mochawesome-reporter-videos\",\n  \"value\": \"cypress\\\\e2e\\\\API-Test\\\\10.API_Chaining.cy.js\"\n}",
              "code": "cy.request({\n  method: 'GET',\n  url: 'https://jsonplaceholder.typicode.com/posts'\n}).then(response => {\n  expect(response.status).to.equal(200);\n  const postid = response.body[0].id;\n  return postid;\n  //cy.log(\"postid:\"+postid)\n}).then(postid => {\n  cy.request({\n    method: 'GET',\n    //https://jsonplaceholder.typicode.com/comments?postId=${postid}\n    url: 'https://jsonplaceholder.typicode.com/comments',\n    qs: {\n      postId: +postid\n    }\n  }).then(response => {\n    expect(response.status).to.equal(200);\n    expect(response.body).to.have.length(5);\n  });\n});",
              "err": {},
              "uuid": "3ce92d13-ce56-4be7-af59-1866e83068df",
              "parentUUID": "0f34d11d-8c91-4bf7-8b1c-0979d82304ac",
              "isHook": false,
              "skipped": false
            }
          ],
          "suites": [],
          "passes": [
            "3ce92d13-ce56-4be7-af59-1866e83068df"
          ],
          "failures": [],
          "pending": [],
          "skipped": [],
          "duration": 882,
          "root": false,
          "rootEmpty": false,
          "_timeout": 2000
        }
      ],
      "passes": [],
      "failures": [],
      "pending": [],
      "skipped": [],
      "duration": 0,
      "root": true,
      "rootEmpty": true,
      "_timeout": 2000
    }
  ],
  "meta": {
    "mocha": {
      "version": "7.0.1"
    },
    "mochawesome": {
      "options": {
        "quiet": false,
        "reportFilename": "mochawesome",
        "saveHtml": false,
        "saveJson": true,
        "consoleReporter": "spec",
        "useInlineDiffs": false,
        "code": true
      },
      "version": "7.1.3"
    },
    "marge": {
      "options": {
        "overwrite": false,
        "html": false,
        "json": true,
        "reportDir": "cypress\\reports\\html\\.jsons"
      },
      "version": "6.2.0"
    }
  }
}