{
  "stats": {
    "suites": 1,
    "tests": 4,
    "passes": 4,
    "pending": 0,
    "failures": 0,
    "start": "2023-10-10T17:07:41.267Z",
    "end": "2023-10-10T17:07:49.119Z",
    "duration": 7852,
    "testsRegistered": 4,
    "passPercent": 100,
    "pendingPercent": 0,
    "other": 0,
    "hasOther": false,
    "skipped": 0,
    "hasSkipped": false
  },
  "results": [
    {
      "uuid": "307ac21b-8adc-4612-95e1-85718a6bdc35",
      "title": "",
      "fullFile": "cypress\\e2e\\API-Test\\1.HttpRequest.cy.js",
      "file": "cypress\\e2e\\API-Test\\1.HttpRequest.cy.js",
      "beforeHooks": [],
      "afterHooks": [],
      "tests": [],
      "suites": [
        {
          "uuid": "0ce9e982-af8b-4231-8db9-f71fd46f0357",
          "title": "Http request",
          "fullFile": "",
          "file": "",
          "beforeHooks": [],
          "afterHooks": [],
          "tests": [
            {
              "title": "GET call",
              "fullTitle": "Http request GET call",
              "timedOut": null,
              "duration": 1013,
              "state": "passed",
              "speed": "fast",
              "pass": true,
              "fail": false,
              "pending": false,
              "context": "{\n  \"title\": \"cypress-mochawesome-reporter-videos\",\n  \"value\": \"cypress\\\\e2e\\\\API-Test\\\\1.HttpRequest.cy.js\"\n}",
              "code": "cy.request('GET', 'https://jsonplaceholder.typicode.com/posts/1').its('status').should('equal', 200);",
              "err": {},
              "uuid": "9678d54c-cd3c-4ec9-9b09-a30227863cdf",
              "parentUUID": "0ce9e982-af8b-4231-8db9-f71fd46f0357",
              "isHook": false,
              "skipped": false
            },
            {
              "title": "POST call",
              "fullTitle": "Http request POST call",
              "timedOut": null,
              "duration": 964,
              "state": "passed",
              "speed": "fast",
              "pass": true,
              "fail": false,
              "pending": false,
              "context": "{\n  \"title\": \"cypress-mochawesome-reporter-videos\",\n  \"value\": \"cypress\\\\e2e\\\\API-Test\\\\1.HttpRequest.cy.js\"\n}",
              "code": "cy.request({\n  method: 'POST',\n  url: 'https://jsonplaceholder.typicode.com/posts/',\n  body: {\n    \"userId\": 1,\n    \"title\": \"sunt aut facere repellat provident occaecati excepturi optio reprehenderit\",\n    \"body\": \"quia et suscipit\\nsuscipit recusandae consequuntur expedita et cum\\nreprehenderit molestiae ut ut quas totam\\nnostrum rerum est autem sunt rem eveniet architecto\"\n  }\n}).its('status').should('equal', 201);",
              "err": {},
              "uuid": "1c379c33-7b7d-4c90-a3b6-a63188c22c70",
              "parentUUID": "0ce9e982-af8b-4231-8db9-f71fd46f0357",
              "isHook": false,
              "skipped": false
            },
            {
              "title": "PUT call",
              "fullTitle": "Http request PUT call",
              "timedOut": null,
              "duration": 3578,
              "state": "passed",
              "speed": "fast",
              "pass": true,
              "fail": false,
              "pending": false,
              "context": "{\n  \"title\": \"cypress-mochawesome-reporter-videos\",\n  \"value\": \"cypress\\\\e2e\\\\API-Test\\\\1.HttpRequest.cy.js\"\n}",
              "code": "cy.request({\n  method: 'PUT',\n  url: 'https://jsonplaceholder.typicode.com/posts/1',\n  body: {\n    \"userId\": 1,\n    \"id\": 1,\n    \"title\": \"test -sunt aut facere repellat provident occaecati excepturi optio reprehenderit\",\n    \"body\": \"test-quia et suscipit\\nsuscipit recusandae consequuntur expedita et cum\\nreprehenderit molestiae ut ut quas totam\\nnostrum rerum est autem sunt rem eveniet architecto\"\n  }\n}).its('status').should('equal', 200);",
              "err": {},
              "uuid": "595c2bee-a88b-4c62-9a8b-ad7f9752a1e4",
              "parentUUID": "0ce9e982-af8b-4231-8db9-f71fd46f0357",
              "isHook": false,
              "skipped": false
            },
            {
              "title": "DELETE call",
              "fullTitle": "Http request DELETE call",
              "timedOut": null,
              "duration": 2046,
              "state": "passed",
              "speed": "fast",
              "pass": true,
              "fail": false,
              "pending": false,
              "context": "{\n  \"title\": \"cypress-mochawesome-reporter-videos\",\n  \"value\": \"cypress\\\\e2e\\\\API-Test\\\\1.HttpRequest.cy.js\"\n}",
              "code": "cy.request({\n  method: 'DELETE',\n  url: 'https://jsonplaceholder.typicode.com/posts/1'\n}).its('status').should('equal', 200);",
              "err": {},
              "uuid": "28ce6cd5-92b6-4c6f-b512-87374ad74404",
              "parentUUID": "0ce9e982-af8b-4231-8db9-f71fd46f0357",
              "isHook": false,
              "skipped": false
            }
          ],
          "suites": [],
          "passes": [
            "9678d54c-cd3c-4ec9-9b09-a30227863cdf",
            "1c379c33-7b7d-4c90-a3b6-a63188c22c70",
            "595c2bee-a88b-4c62-9a8b-ad7f9752a1e4",
            "28ce6cd5-92b6-4c6f-b512-87374ad74404"
          ],
          "failures": [],
          "pending": [],
          "skipped": [],
          "duration": 7601,
          "root": false,
          "rootEmpty": false,
          "_timeout": 2000
        }
      ],
      "passes": [],
      "failures": [],
      "pending": [],
      "skipped": [],
      "duration": 0,
      "root": true,
      "rootEmpty": true,
      "_timeout": 2000
    }
  ],
  "meta": {
    "mocha": {
      "version": "7.0.1"
    },
    "mochawesome": {
      "options": {
        "quiet": false,
        "reportFilename": "mochawesome",
        "saveHtml": false,
        "saveJson": true,
        "consoleReporter": "spec",
        "useInlineDiffs": false,
        "code": true
      },
      "version": "7.1.3"
    },
    "marge": {
      "options": {
        "overwrite": false,
        "html": false,
        "json": true,
        "reportDir": "cypress\\reports\\html\\.jsons"
      },
      "version": "6.2.0"
    }
  }
}