{
  "stats": {
    "suites": 1,
    "tests": 1,
    "passes": 1,
    "pending": 0,
    "failures": 0,
    "start": "2023-10-10T17:09:57.253Z",
    "end": "2023-10-10T17:10:01.210Z",
    "duration": 3957,
    "testsRegistered": 1,
    "passPercent": 100,
    "pendingPercent": 0,
    "other": 0,
    "hasOther": false,
    "skipped": 0,
    "hasSkipped": false
  },
  "results": [
    {
      "uuid": "f4530d5f-e778-419e-affb-b4178ccdab32",
      "title": "",
      "fullFile": "cypress\\e2e\\API-Test\\4.Header_Cookies.cy.js",
      "file": "cypress\\e2e\\API-Test\\4.Header_Cookies.cy.js",
      "beforeHooks": [],
      "afterHooks": [],
      "tests": [],
      "suites": [
        {
          "uuid": "69825a01-1527-4bf9-808d-bac45aae7811",
          "title": "api test",
          "fullFile": "",
          "file": "",
          "beforeHooks": [],
          "afterHooks": [],
          "tests": [
            {
              "title": "fetching order",
              "fullTitle": "api test fetching order",
              "timedOut": null,
              "duration": 3706,
              "state": "passed",
              "speed": "fast",
              "pass": true,
              "fail": false,
              "pending": false,
              "context": "{\n  \"title\": \"cypress-mochawesome-reporter-videos\",\n  \"value\": \"cypress\\\\e2e\\\\API-Test\\\\4.Header_Cookies.cy.js\"\n}",
              "code": "cy.request({\n  method: 'GET',\n  url: 'https://simple-books-api.glitch.me/orders',\n  headers: {\n    'Content-Type': 'application/json',\n    'Authorization': 'Bearer ' + AuthenToken\n  },\n  cookies: {\n    'cookieName': 'mycookies'\n  }\n}).then(response => {\n  expect(response.status).equal(200);\n  expect(response.body).has.length(1);\n});",
              "err": {},
              "uuid": "728574c8-81a8-4f6f-ac45-a1c057b505b8",
              "parentUUID": "69825a01-1527-4bf9-808d-bac45aae7811",
              "isHook": false,
              "skipped": false
            }
          ],
          "suites": [],
          "passes": [
            "728574c8-81a8-4f6f-ac45-a1c057b505b8"
          ],
          "failures": [],
          "pending": [],
          "skipped": [],
          "duration": 3706,
          "root": false,
          "rootEmpty": false,
          "_timeout": 2000
        }
      ],
      "passes": [],
      "failures": [],
      "pending": [],
      "skipped": [],
      "duration": 0,
      "root": true,
      "rootEmpty": true,
      "_timeout": 2000
    }
  ],
  "meta": {
    "mocha": {
      "version": "7.0.1"
    },
    "mochawesome": {
      "options": {
        "quiet": false,
        "reportFilename": "mochawesome",
        "saveHtml": false,
        "saveJson": true,
        "consoleReporter": "spec",
        "useInlineDiffs": false,
        "code": true
      },
      "version": "7.1.3"
    },
    "marge": {
      "options": {
        "overwrite": false,
        "html": false,
        "json": true,
        "reportDir": "cypress\\reports\\html\\.jsons"
      },
      "version": "6.2.0"
    }
  }
}