{
  "stats": {
    "suites": 1,
    "tests": 1,
    "passes": 1,
    "pending": 0,
    "failures": 0,
    "start": "2023-10-10T17:06:56.789Z",
    "end": "2023-10-10T17:08:04.030Z",
    "duration": 67241,
    "testsRegistered": 1,
    "passPercent": 100,
    "pendingPercent": 0,
    "other": 0,
    "hasOther": false,
    "skipped": 0,
    "hasSkipped": false
  },
  "results": [
    {
      "uuid": "ab312184-7849-4a70-a8b4-66af71bf2a0c",
      "title": "",
      "fullFile": "cypress\\e2e\\WEB-Test01\\10.Handle_File.cy.js",
      "file": "cypress\\e2e\\WEB-Test01\\10.Handle_File.cy.js",
      "beforeHooks": [],
      "afterHooks": [],
      "tests": [],
      "suites": [
        {
          "uuid": "e9c82c2d-5916-41fa-8893-55cf0c58a737",
          "title": "handle file Upload",
          "fullFile": "",
          "file": "",
          "beforeHooks": [],
          "afterHooks": [],
          "tests": [
            {
              "title": "File Upload - Shadow Dom",
              "fullTitle": "handle file Upload File Upload - Shadow Dom",
              "timedOut": null,
              "duration": 17008,
              "state": "passed",
              "speed": "slow",
              "pass": true,
              "fail": false,
              "pending": false,
              "context": "{\n  \"title\": \"cypress-mochawesome-reporter-videos\",\n  \"value\": \"cypress\\\\e2e\\\\WEB-Test01\\\\10.Handle_File.cy.js\"\n}",
              "code": "cy.visit(\"https://www.htmlelements.com/demos/fileupload/shadow-dom/index.htm\");\ncy.get(\".smart-browse-input\", {\n  includeShadowDom: true\n}).attachFile('test1.png');\ncy.wait(2000);\ncy.get(\".smart-item-name\", {\n  includeShadowDom: true\n}).contains('test1.png');",
              "err": {},
              "uuid": "6e9e5efe-2de1-4de7-81e5-77b3272ef546",
              "parentUUID": "e9c82c2d-5916-41fa-8893-55cf0c58a737",
              "isHook": false,
              "skipped": false
            }
          ],
          "suites": [],
          "passes": [
            "6e9e5efe-2de1-4de7-81e5-77b3272ef546"
          ],
          "failures": [],
          "pending": [],
          "skipped": [],
          "duration": 17008,
          "root": false,
          "rootEmpty": false,
          "_timeout": 2000
        }
      ],
      "passes": [],
      "failures": [],
      "pending": [],
      "skipped": [],
      "duration": 0,
      "root": true,
      "rootEmpty": true,
      "_timeout": 2000
    }
  ],
  "meta": {
    "mocha": {
      "version": "7.0.1"
    },
    "mochawesome": {
      "options": {
        "quiet": false,
        "reportFilename": "mochawesome",
        "saveHtml": false,
        "saveJson": true,
        "consoleReporter": "spec",
        "useInlineDiffs": false,
        "code": true
      },
      "version": "7.1.3"
    },
    "marge": {
      "options": {
        "overwrite": false,
        "html": false,
        "json": true,
        "reportDir": "cypress\\reports\\html\\.jsons"
      },
      "version": "6.2.0"
    }
  }
}