{
  "stats": {
    "suites": 1,
    "tests": 1,
    "passes": 1,
    "pending": 0,
    "failures": 0,
    "start": "2023-10-10T17:08:48.821Z",
    "end": "2023-10-10T17:08:50.882Z",
    "duration": 2061,
    "testsRegistered": 1,
    "passPercent": 100,
    "pendingPercent": 0,
    "other": 0,
    "hasOther": false,
    "skipped": 0,
    "hasSkipped": false
  },
  "results": [
    {
      "uuid": "f9c58561-0986-4d95-acaa-1b6f4e9c9b13",
      "title": "",
      "fullFile": "cypress\\e2e\\API-Test\\11.ApiChaining_GoRest.cy.js",
      "file": "cypress\\e2e\\API-Test\\11.ApiChaining_GoRest.cy.js",
      "beforeHooks": [],
      "afterHooks": [],
      "tests": [],
      "suites": [
        {
          "uuid": "0abb2f8a-12fb-4eec-89a5-876c6c1caa2c",
          "title": "api chaining",
          "fullFile": "",
          "file": "",
          "beforeHooks": [],
          "afterHooks": [],
          "tests": [
            {
              "title": "create, update,delete in Gorest API",
              "fullTitle": "api chaining create, update,delete in Gorest API",
              "timedOut": null,
              "duration": 1900,
              "state": "passed",
              "speed": "fast",
              "pass": true,
              "fail": false,
              "pending": false,
              "context": "{\n  \"title\": \"cypress-mochawesome-reporter-videos\",\n  \"value\": \"cypress\\\\e2e\\\\API-Test\\\\11.ApiChaining_GoRest.cy.js\"\n}",
              "code": "cy.request({\n  method: 'POST',\n  url: 'https://gorest.co.in/public/v2/users',\n  qs: {\n    name: \"hantn\",\n    email: Math.random().toString(5).substring(2) + \"@gmail.com\",\n    gender: \"female\",\n    status: \"inactive\"\n  },\n  headers: {\n    Authorization: auth_token\n  }\n}).then(response => {\n  expect(response.status).to.equal(201);\n  const userid = response.body.id;\n  //update user\n  cy.request({\n    method: 'PUT',\n    url: `https://gorest.co.in/public/v2/users/${userid}`,\n    body: {\n      name: 'hantn123'\n    },\n    headers: {\n      Authorization: auth_token\n    }\n  }).then(response => {\n    expect(response.status).to.equal(200);\n    expect(response.body.name).to.equal('hantn123');\n    //delete user\n    cy.request({\n      method: 'DELETE',\n      url: `https://gorest.co.in/public/v2/users/${userid}`,\n      headers: {\n        Authorization: auth_token\n      }\n    }).then(response => {\n      expect(response.status).to.equal(204);\n    });\n  });\n});",
              "err": {},
              "uuid": "6cdab717-f05d-4338-9b04-efffa8597b42",
              "parentUUID": "0abb2f8a-12fb-4eec-89a5-876c6c1caa2c",
              "isHook": false,
              "skipped": false
            }
          ],
          "suites": [],
          "passes": [
            "6cdab717-f05d-4338-9b04-efffa8597b42"
          ],
          "failures": [],
          "pending": [],
          "skipped": [],
          "duration": 1900,
          "root": false,
          "rootEmpty": false,
          "_timeout": 2000
        }
      ],
      "passes": [],
      "failures": [],
      "pending": [],
      "skipped": [],
      "duration": 0,
      "root": true,
      "rootEmpty": true,
      "_timeout": 2000
    }
  ],
  "meta": {
    "mocha": {
      "version": "7.0.1"
    },
    "mochawesome": {
      "options": {
        "quiet": false,
        "reportFilename": "mochawesome",
        "saveHtml": false,
        "saveJson": true,
        "consoleReporter": "spec",
        "useInlineDiffs": false,
        "code": true
      },
      "version": "7.1.3"
    },
    "marge": {
      "options": {
        "overwrite": false,
        "html": false,
        "json": true,
        "reportDir": "cypress\\reports\\html\\.jsons"
      },
      "version": "6.2.0"
    }
  }
}