{
  "stats": {
    "suites": 1,
    "tests": 2,
    "passes": 1,
    "pending": 0,
    "failures": 1,
    "start": "2023-10-06T07:48:40.286Z",
    "end": "2023-10-06T07:49:02.837Z",
    "duration": 22551,
    "testsRegistered": 2,
    "passPercent": 50,
    "pendingPercent": 0,
    "other": 0,
    "hasOther": false,
    "skipped": 0,
    "hasSkipped": false
  },
  "results": [
    {
      "uuid": "03d6afda-15d1-4e3e-b590-27c562ac4c9b",
      "title": "",
      "fullFile": "cypress\\e2e\\1.MyTest.cy.js",
      "file": "cypress\\e2e\\1.MyTest.cy.js",
      "beforeHooks": [],
      "afterHooks": [],
      "tests": [],
      "suites": [
        {
          "uuid": "f7a98b96-359d-4e5b-895c-422386062b9f",
          "title": "My First Test",
          "fullFile": "",
          "file": "",
          "beforeHooks": [],
          "afterHooks": [],
          "tests": [
            {
              "title": "verify title -positive",
              "fullTitle": "My First Test verify title -positive",
              "timedOut": null,
              "duration": 5795,
              "state": "passed",
              "speed": "medium",
              "pass": true,
              "fail": false,
              "pending": false,
              "context": "{\n  \"title\": \"cypress-mochawesome-reporter-videos\",\n  \"value\": \"cypress\\\\e2e\\\\1.MyTest.cy.js\"\n}",
              "code": "cy.visit(\"https://opensource-demo.orangehrmlive.com/web/index.php/auth/login\");\ncy.title().should('eq', 'OrangeHRM');",
              "err": {},
              "uuid": "52aba70c-5e56-42dc-9680-d17fd68db032",
              "parentUUID": "f7a98b96-359d-4e5b-895c-422386062b9f",
              "isHook": false,
              "skipped": false
            },
            {
              "title": "verify title -negative",
              "fullTitle": "My First Test verify title -negative",
              "timedOut": null,
              "duration": 6732,
              "state": "failed",
              "speed": null,
              "pass": false,
              "fail": true,
              "pending": false,
              "context": "[\n  {\n    \"title\": \"cypress-mochawesome-reporter-videos\",\n    \"value\": \"cypress\\\\e2e\\\\1.MyTest.cy.js\"\n  },\n  {\n    \"title\": \"cypress-mochawesome-reporter-screenshots\",\n    \"value\": [\n      [\n        {\n          \"title\": \"Failed screenshot\",\n          \"value\": \"\\\\1.MyTest.cy.js\\\\My First Test -- verify title -negative (failed).png\"\n        }\n      ]\n    ]\n  }\n]",
              "code": "cy.visit(\"https://opensource-demo.orangehrmlive.com/web/index.php/auth/login\");\ncy.title().should('eq', 'OrangeHRM123');",
              "err": {
                "message": "AssertionError: Timed out retrying after 4000ms: expected 'OrangeHRM' to equal 'OrangeHRM123'",
                "estack": "AssertionError: Timed out retrying after 4000ms: expected 'OrangeHRM' to equal 'OrangeHRM123'\n    at Context.eval (webpack:///./cypress/e2e/1.MyTest.cy.js:10:19)",
                "diff": "- 'OrangeHRM'\n+ 'OrangeHRM123'\n"
              },
              "uuid": "265d6e00-a759-446e-a553-6346e7df50c3",
              "parentUUID": "f7a98b96-359d-4e5b-895c-422386062b9f",
              "isHook": false,
              "skipped": false
            }
          ],
          "suites": [],
          "passes": [
            "52aba70c-5e56-42dc-9680-d17fd68db032"
          ],
          "failures": [
            "265d6e00-a759-446e-a553-6346e7df50c3"
          ],
          "pending": [],
          "skipped": [],
          "duration": 12527,
          "root": false,
          "rootEmpty": false,
          "_timeout": 2000
        }
      ],
      "passes": [],
      "failures": [],
      "pending": [],
      "skipped": [],
      "duration": 0,
      "root": true,
      "rootEmpty": true,
      "_timeout": 2000
    }
  ],
  "meta": {
    "mocha": {
      "version": "7.0.1"
    },
    "mochawesome": {
      "options": {
        "quiet": false,
        "reportFilename": "mochawesome",
        "saveHtml": false,
        "saveJson": true,
        "consoleReporter": "spec",
        "useInlineDiffs": false,
        "code": true
      },
      "version": "7.1.3"
    },
    "marge": {
      "options": {
        "overwrite": false,
        "html": false,
        "json": true,
        "reportDir": "cypress\\reports\\html\\.jsons"
      },
      "version": "6.2.0"
    }
  }
}