{
  "stats": {
    "suites": 1,
    "tests": 1,
    "passes": 0,
    "pending": 2,
    "failures": -1,
    "start": "2023-10-06T07:49:13.913Z",
    "end": "2023-10-06T07:49:58.129Z",
    "duration": 44216,
    "testsRegistered": 3,
    "passPercent": 0,
    "pendingPercent": 66.66666666666666,
    "other": 2,
    "hasOther": true,
    "skipped": 0,
    "hasSkipped": false
  },
  "results": [
    {
      "uuid": "bfa1a293-6931-4b2c-982b-418650e205b8",
      "title": "",
      "fullFile": "cypress\\e2e\\6.Dropdown.cy.js",
      "file": "cypress\\e2e\\6.Dropdown.cy.js",
      "beforeHooks": [],
      "afterHooks": [],
      "tests": [],
      "suites": [
        {
          "uuid": "17cb48ed-cde8-4062-91b9-a392a55933cc",
          "title": "check UI element",
          "fullFile": "",
          "file": "",
          "beforeHooks": [],
          "afterHooks": [],
          "tests": [
            {
              "title": "dropdown without select",
              "fullTitle": "check UI element dropdown without select",
              "timedOut": null,
              "duration": 0,
              "state": "pending",
              "speed": null,
              "pass": false,
              "fail": false,
              "pending": true,
              "context": "{\n  \"title\": \"cypress-mochawesome-reporter-videos\",\n  \"value\": \"cypress\\\\e2e\\\\6.Dropdown.cy.js\"\n}",
              "code": "cy.visit(\"https://www.dummyticket.com/dummy-ticket-for-visa-application/\");\ncy.get(\"#select2-billing_country-container\").click();\ncy.get(\"input.select2-search__field\").type('Indian').type('{enter}');\n//get results\ncy.get(\"#select2-billing_country-container\").should('have.contain', 'Indian');",
              "err": {},
              "uuid": "a3a2e513-ce47-4ffd-a466-f00311f22413",
              "parentUUID": "17cb48ed-cde8-4062-91b9-a392a55933cc",
              "isHook": false,
              "skipped": false
            },
            {
              "title": "dropdown Suggestion",
              "fullTitle": "check UI element dropdown Suggestion",
              "timedOut": null,
              "duration": 0,
              "state": "pending",
              "speed": null,
              "pass": false,
              "fail": false,
              "pending": true,
              "context": "{\n  \"title\": \"cypress-mochawesome-reporter-videos\",\n  \"value\": \"cypress\\\\e2e\\\\6.Dropdown.cy.js\"\n}",
              "code": "cy.visit(\"https://vi.wikipedia.org/wiki/Trang_Ch%C3%ADnh\");\ncy.get(\"input.vector-search-box-input\").type('Delhi');\ncy.get(\"li[role='option']\").contains('Delhi Durbar').click();",
              "err": {},
              "uuid": "ae946db2-2007-4a91-975c-8b8ee04eb747",
              "parentUUID": "17cb48ed-cde8-4062-91b9-a392a55933cc",
              "isHook": false,
              "skipped": false
            },
            {
              "title": "dropdown Dynamic",
              "fullTitle": "check UI element dropdown Dynamic",
              "timedOut": null,
              "duration": 34757,
              "state": "failed",
              "speed": null,
              "pass": false,
              "fail": true,
              "pending": false,
              "context": "[\n  {\n    \"title\": \"cypress-mochawesome-reporter-videos\",\n    \"value\": \"cypress\\\\e2e\\\\6.Dropdown.cy.js\"\n  },\n  {\n    \"title\": \"cypress-mochawesome-reporter-screenshots\",\n    \"value\": [\n      [\n        {\n          \"title\": \"Failed screenshot\",\n          \"value\": \"\\\\6.Dropdown.cy.js\\\\check UI element -- dropdown Dynamic (failed).png\"\n        }\n      ]\n    ]\n  }\n]",
              "code": "cy.visit(\"https://www.google.com.vn/?hl=vi\");\ncy.get(\"textarea[name='q']\").type('cypress automation');\ncy.get(\"div.wM6W7d\").should('have.length', '12');\ncy.get(\"div.wM6W7d\").each(($el, index, $list) => {\n  if ($el.text() == 'cypress automation tool') {\n    cy.wrap($el).click();\n  }\n});\ncy.get(\"textarea.gLFyf\").should('have.value', 'cypress automation tool');",
              "err": {
                "message": "AssertionError: Timed out retrying after 4000ms: expected '<textarea#APjFqb.gLFyf>' to have value 'cypress automation tool', but the value was 'cypress automation'",
                "estack": "AssertionError: Timed out retrying after 4000ms: expected '<textarea#APjFqb.gLFyf>' to have value 'cypress automation tool', but the value was 'cypress automation'\n    at Context.eval (webpack:///./cypress/e2e/6.Dropdown.cy.js:45:29)",
                "diff": "- 'cypress automation'\n+ 'cypress automation tool'\n"
              },
              "uuid": "05211de9-2b32-468e-9bad-d60874ee5bcf",
              "parentUUID": "17cb48ed-cde8-4062-91b9-a392a55933cc",
              "isHook": false,
              "skipped": false
            }
          ],
          "suites": [],
          "passes": [],
          "failures": [
            "05211de9-2b32-468e-9bad-d60874ee5bcf"
          ],
          "pending": [
            "a3a2e513-ce47-4ffd-a466-f00311f22413",
            "ae946db2-2007-4a91-975c-8b8ee04eb747"
          ],
          "skipped": [],
          "duration": 34757,
          "root": false,
          "rootEmpty": false,
          "_timeout": 2000
        }
      ],
      "passes": [],
      "failures": [],
      "pending": [],
      "skipped": [],
      "duration": 0,
      "root": true,
      "rootEmpty": true,
      "_timeout": 2000
    }
  ],
  "meta": {
    "mocha": {
      "version": "7.0.1"
    },
    "mochawesome": {
      "options": {
        "quiet": false,
        "reportFilename": "mochawesome",
        "saveHtml": false,
        "saveJson": true,
        "consoleReporter": "spec",
        "useInlineDiffs": false,
        "code": true
      },
      "version": "7.1.3"
    },
    "marge": {
      "options": {
        "overwrite": false,
        "html": false,
        "json": true,
        "reportDir": "cypress\\reports\\html\\.jsons"
      },
      "version": "6.2.0"
    }
  }
}