{
  "stats": {
    "suites": 1,
    "tests": 1,
    "passes": 1,
    "pending": 0,
    "failures": 0,
    "start": "2023-10-10T17:09:25.473Z",
    "end": "2023-10-10T17:09:27.556Z",
    "duration": 2083,
    "testsRegistered": 1,
    "passPercent": 100,
    "pendingPercent": 0,
    "other": 0,
    "hasOther": false,
    "skipped": 0,
    "hasSkipped": false
  },
  "results": [
    {
      "uuid": "5e0594bc-d517-420c-a017-8f838ce2ad56",
      "title": "",
      "fullFile": "cypress\\e2e\\API-Test\\5.ParsingJSONResponse.cy.js",
      "file": "cypress\\e2e\\API-Test\\5.ParsingJSONResponse.cy.js",
      "beforeHooks": [],
      "afterHooks": [],
      "tests": [],
      "suites": [
        {
          "uuid": "e5a6f38f-3efc-4d19-b193-7d2f0c320bf7",
          "title": "api test",
          "fullFile": "",
          "file": "",
          "beforeHooks": [],
          "afterHooks": [],
          "tests": [
            {
              "title": "parsing json response- verify total price of 5 elements",
              "fullTitle": "api test parsing json response- verify total price of 5 elements",
              "timedOut": null,
              "duration": 1756,
              "state": "passed",
              "speed": "fast",
              "pass": true,
              "fail": false,
              "pending": false,
              "context": "{\n  \"title\": \"cypress-mochawesome-reporter-videos\",\n  \"value\": \"cypress\\\\e2e\\\\API-Test\\\\5.ParsingJSONResponse.cy.js\"\n}",
              "code": "let TotalPrice = 0;\ncy.request({\n  method: 'GET',\n  url: 'https://fakestoreapi.com/products',\n  qs: {\n    limit: 5\n  }\n}).then(response => {\n  expect(response.status).to.equal(200);\n  response.body.forEach(element => {\n    TotalPrice = TotalPrice + element.price;\n  });\n  expect(TotalPrice).to.equal(899.23);\n});",
              "err": {},
              "uuid": "6a039747-70b2-4695-a3a5-a57b620c1cdd",
              "parentUUID": "e5a6f38f-3efc-4d19-b193-7d2f0c320bf7",
              "isHook": false,
              "skipped": false
            }
          ],
          "suites": [],
          "passes": [
            "6a039747-70b2-4695-a3a5-a57b620c1cdd"
          ],
          "failures": [],
          "pending": [],
          "skipped": [],
          "duration": 1756,
          "root": false,
          "rootEmpty": false,
          "_timeout": 2000
        }
      ],
      "passes": [],
      "failures": [],
      "pending": [],
      "skipped": [],
      "duration": 0,
      "root": true,
      "rootEmpty": true,
      "_timeout": 2000
    }
  ],
  "meta": {
    "mocha": {
      "version": "7.0.1"
    },
    "mochawesome": {
      "options": {
        "quiet": false,
        "reportFilename": "mochawesome",
        "saveHtml": false,
        "saveJson": true,
        "consoleReporter": "spec",
        "useInlineDiffs": false,
        "code": true
      },
      "version": "7.1.3"
    },
    "marge": {
      "options": {
        "overwrite": false,
        "html": false,
        "json": true,
        "reportDir": "cypress\\reports\\html\\.jsons"
      },
      "version": "6.2.0"
    }
  }
}