{
  "stats": {
    "suites": 1,
    "tests": 2,
    "passes": 0,
    "pending": 0,
    "failures": 2,
    "start": "2023-10-06T07:48:32.067Z",
    "end": "2023-10-06T07:48:42.275Z",
    "duration": 10208,
    "testsRegistered": 2,
    "passPercent": 0,
    "pendingPercent": 0,
    "other": 0,
    "hasOther": false,
    "skipped": 0,
    "hasSkipped": false
  },
  "results": [
    {
      "uuid": "2d25ef10-d054-4180-8397-a397b67f9960",
      "title": "",
      "fullFile": "cypress\\e2e\\5.Radiobutton_checkbox.cy.js",
      "file": "cypress\\e2e\\5.Radiobutton_checkbox.cy.js",
      "beforeHooks": [],
      "afterHooks": [],
      "tests": [],
      "suites": [
        {
          "uuid": "268a22c7-57ff-46bb-b0e9-aad9f60eae68",
          "title": "Check UI element",
          "fullFile": "",
          "file": "",
          "beforeHooks": [],
          "afterHooks": [],
          "tests": [
            {
              "title": "verify radio button",
              "fullTitle": "Check UI element verify radio button",
              "timedOut": null,
              "duration": 4928,
              "state": "failed",
              "speed": null,
              "pass": false,
              "fail": true,
              "pending": false,
              "context": "[\n  {\n    \"title\": \"cypress-mochawesome-reporter-videos\",\n    \"value\": \"cypress\\\\e2e\\\\5.Radiobutton_checkbox.cy.js\"\n  },\n  {\n    \"title\": \"cypress-mochawesome-reporter-screenshots\",\n    \"value\": [\n      [\n        {\n          \"title\": \"Failed screenshot\",\n          \"value\": \"\\\\5.Radiobutton_checkbox.cy.js\\\\Check UI element -- verify radio button (failed).png\"\n        }\n      ]\n    ]\n  }\n]",
              "code": "cy.visit(\"https://itera-qa.azurewebsites.net/home/automation\");\n//visibility\ncy.get(\"input#female\").should('be.visible');\ncy.get(\"input#male\").should('be.visible');\n//select radio button\ncy.get(\"input#female\").check().should('be.checked');\ncy.get(\"input#male\").should('not.be.checked');",
              "err": {
                "message": "CypressError: `cy.visit()` failed trying to load:\n\nhttps://itera-qa.azurewebsites.net/home/automation\n\nThe response we received from your web server was:\n\n  > 403: Forbidden\n\nThis was considered a failure because the status code was not `2xx`.\n\nIf you do not want status codes to cause failures pass the option: `failOnStatusCode: false`",
                "estack": "CypressError: `cy.visit()` failed trying to load:\n\nhttps://itera-qa.azurewebsites.net/home/automation\n\nThe response we received from your web server was:\n\n  > 403: Forbidden\n\nThis was considered a failure because the status code was not `2xx`.\n\nIf you do not want status codes to cause failures pass the option: `failOnStatusCode: false`\n    at <unknown> (http://localhost:58206/__cypress/runner/cypress_runner.js:147661:84)\n    at visitFailedByErr (http://localhost:58206/__cypress/runner/cypress_runner.js:147069:12)\n    at <unknown> (http://localhost:58206/__cypress/runner/cypress_runner.js:147644:13)\n    at tryCatcher (http://localhost:58206/__cypress/runner/cypress_runner.js:18744:23)\n    at Promise._settlePromiseFromHandler (http://localhost:58206/__cypress/runner/cypress_runner.js:16679:31)\n    at Promise._settlePromise (http://localhost:58206/__cypress/runner/cypress_runner.js:16736:18)\n    at Promise._settlePromise0 (http://localhost:58206/__cypress/runner/cypress_runner.js:16781:10)\n    at Promise._settlePromises (http://localhost:58206/__cypress/runner/cypress_runner.js:16857:18)\n    at _drainQueueStep (http://localhost:58206/__cypress/runner/cypress_runner.js:13451:12)\n    at _drainQueue (http://localhost:58206/__cypress/runner/cypress_runner.js:13444:9)\n    at ../../node_modules/bluebird/js/release/async.js.Async._drainQueues (http://localhost:58206/__cypress/runner/cypress_runner.js:13460:5)\n    at Async.drainQueues (http://localhost:58206/__cypress/runner/cypress_runner.js:13330:14)\nFrom Your Spec Code:\n    at Context.eval (webpack:///./cypress/e2e/5.Radiobutton_checkbox.cy.js:5:7)",
                "diff": null
              },
              "uuid": "e96eace4-6034-47d8-ab7b-5306f1024821",
              "parentUUID": "268a22c7-57ff-46bb-b0e9-aad9f60eae68",
              "isHook": false,
              "skipped": false
            },
            {
              "title": "verify checkbox",
              "fullTitle": "Check UI element verify checkbox",
              "timedOut": null,
              "duration": 4087,
              "state": "failed",
              "speed": null,
              "pass": false,
              "fail": true,
              "pending": false,
              "context": "[\n  {\n    \"title\": \"cypress-mochawesome-reporter-videos\",\n    \"value\": \"cypress\\\\e2e\\\\5.Radiobutton_checkbox.cy.js\"\n  },\n  {\n    \"title\": \"cypress-mochawesome-reporter-screenshots\",\n    \"value\": [\n      [\n        {\n          \"title\": \"Failed screenshot\",\n          \"value\": \"\\\\5.Radiobutton_checkbox.cy.js\\\\Check UI element -- verify checkbox (failed).png\"\n        }\n      ]\n    ]\n  }\n]",
              "code": "cy.visit(\"https://itera-qa.azurewebsites.net/home/automation\");\n//visibility\ncy.get(\"input#monday\").should('be.visible');\n//select single checkbox \ncy.get(\"input#monday\").check().should('be.checked');\n//uncheck\ncy.get(\"input#monday\").uncheck().should('not.be.checked');\n//select all checkbox\ncy.get(\"input.form-check-input[type='checkbox']\").check().should('be.checked');\ncy.get(\"input.form-check-input[type='checkbox']\").uncheck().should('not.be.checked');\n//select first/last\ncy.get(\"input.form-check-input[type='checkbox']\").first().check().should('be.checked');\ncy.get(\"input.form-check-input[type='checkbox']\").last().check().should('be.checked');",
              "err": {
                "message": "CypressError: `cy.visit()` failed trying to load:\n\nhttps://itera-qa.azurewebsites.net/home/automation\n\nThe response we received from your web server was:\n\n  > 403: Forbidden\n\nThis was considered a failure because the status code was not `2xx`.\n\nIf you do not want status codes to cause failures pass the option: `failOnStatusCode: false`",
                "estack": "CypressError: `cy.visit()` failed trying to load:\n\nhttps://itera-qa.azurewebsites.net/home/automation\n\nThe response we received from your web server was:\n\n  > 403: Forbidden\n\nThis was considered a failure because the status code was not `2xx`.\n\nIf you do not want status codes to cause failures pass the option: `failOnStatusCode: false`\n    at <unknown> (http://localhost:58206/__cypress/runner/cypress_runner.js:147661:84)\n    at visitFailedByErr (http://localhost:58206/__cypress/runner/cypress_runner.js:147069:12)\n    at <unknown> (http://localhost:58206/__cypress/runner/cypress_runner.js:147644:13)\n    at tryCatcher (http://localhost:58206/__cypress/runner/cypress_runner.js:18744:23)\n    at Promise._settlePromiseFromHandler (http://localhost:58206/__cypress/runner/cypress_runner.js:16679:31)\n    at Promise._settlePromise (http://localhost:58206/__cypress/runner/cypress_runner.js:16736:18)\n    at Promise._settlePromise0 (http://localhost:58206/__cypress/runner/cypress_runner.js:16781:10)\n    at Promise._settlePromises (http://localhost:58206/__cypress/runner/cypress_runner.js:16857:18)\n    at _drainQueueStep (http://localhost:58206/__cypress/runner/cypress_runner.js:13451:12)\n    at _drainQueue (http://localhost:58206/__cypress/runner/cypress_runner.js:13444:9)\n    at ../../node_modules/bluebird/js/release/async.js.Async._drainQueues (http://localhost:58206/__cypress/runner/cypress_runner.js:13460:5)\n    at Async.drainQueues (http://localhost:58206/__cypress/runner/cypress_runner.js:13330:14)\nFrom Your Spec Code:\n    at Context.eval (webpack:///./cypress/e2e/5.Radiobutton_checkbox.cy.js:18:7)",
                "diff": null
              },
              "uuid": "d68a46a0-c82b-4e12-8032-75cd738fc7ad",
              "parentUUID": "268a22c7-57ff-46bb-b0e9-aad9f60eae68",
              "isHook": false,
              "skipped": false
            }
          ],
          "suites": [],
          "passes": [],
          "failures": [
            "e96eace4-6034-47d8-ab7b-5306f1024821",
            "d68a46a0-c82b-4e12-8032-75cd738fc7ad"
          ],
          "pending": [],
          "skipped": [],
          "duration": 9015,
          "root": false,
          "rootEmpty": false,
          "_timeout": 2000
        }
      ],
      "passes": [],
      "failures": [],
      "pending": [],
      "skipped": [],
      "duration": 0,
      "root": true,
      "rootEmpty": true,
      "_timeout": 2000
    }
  ],
  "meta": {
    "mocha": {
      "version": "7.0.1"
    },
    "mochawesome": {
      "options": {
        "quiet": false,
        "reportFilename": "mochawesome",
        "saveHtml": false,
        "saveJson": true,
        "consoleReporter": "spec",
        "useInlineDiffs": false,
        "code": true
      },
      "version": "7.1.3"
    },
    "marge": {
      "options": {
        "overwrite": false,
        "html": false,
        "json": true,
        "reportDir": "cypress\\reports\\html\\.jsons"
      },
      "version": "6.2.0"
    }
  }
}