{
  "stats": {
    "suites": 1,
    "tests": 1,
    "passes": 1,
    "pending": 1,
    "failures": -1,
    "start": "2023-10-06T07:49:20.094Z",
    "end": "2023-10-06T07:49:54.118Z",
    "duration": 34024,
    "testsRegistered": 2,
    "passPercent": 100,
    "pendingPercent": 50,
    "other": 1,
    "hasOther": true,
    "skipped": 0,
    "hasSkipped": false
  },
  "results": [
    {
      "uuid": "c470fbe5-faab-40b9-941b-d29b1dd45baf",
      "title": "",
      "fullFile": "cypress\\e2e\\12.fixture.cy.js",
      "file": "cypress\\e2e\\12.fixture.cy.js",
      "beforeHooks": [],
      "afterHooks": [],
      "tests": [],
      "suites": [
        {
          "uuid": "3f667a1a-b337-465b-8895-f6c39371bc3a",
          "title": "fixture",
          "fullFile": "",
          "file": "",
          "beforeHooks": [],
          "afterHooks": [],
          "tests": [
            {
              "title": "test data without fixture- 1 block",
              "fullTitle": "fixture test data without fixture- 1 block",
              "timedOut": null,
              "duration": 0,
              "state": "pending",
              "speed": null,
              "pass": false,
              "fail": false,
              "pending": true,
              "context": "{\n  \"title\": \"cypress-mochawesome-reporter-videos\",\n  \"value\": \"cypress\\\\e2e\\\\12.fixture.cy.js\"\n}",
              "code": "cy.visit(\"https://opensource-demo.orangehrmlive.com/web/index.php/auth/login\");\n//get data from file data json\ncy.fixture(\"OrangeHRM1.json\").then(data => {\n  cy.get(\"input[placeholder='Username']\").type(data.username);\n  cy.get(\"input[placeholder='Password']\").type(data.password);\n  cy.get(\"button[type='submit']\").click();\n  cy.get(\".oxd-text.oxd-text--h6.oxd-topbar-header-breadcrumb-module\").should('have.text', data.expected);\n});",
              "err": {},
              "uuid": "3aa0c5e4-925b-486f-a61f-1726b24a9e65",
              "parentUUID": "3f667a1a-b337-465b-8895-f6c39371bc3a",
              "isHook": false,
              "skipped": false
            },
            {
              "title": "test data without fixture- 2 block",
              "fullTitle": "fixture test data without fixture- 2 block",
              "timedOut": null,
              "duration": 22435,
              "state": "passed",
              "speed": "slow",
              "pass": true,
              "fail": false,
              "pending": false,
              "context": "{\n  \"title\": \"cypress-mochawesome-reporter-videos\",\n  \"value\": \"cypress\\\\e2e\\\\12.fixture.cy.js\"\n}",
              "code": "cy.visit(\"https://opensource-demo.orangehrmlive.com/web/index.php/auth/login\");\ncy.get(\"input[placeholder='Username']\").type(userdata.username);\ncy.get(\"input[placeholder='Password']\").type(userdata.password);\ncy.get(\"button[type='submit']\").click();\ncy.get(\".oxd-text.oxd-text--h6.oxd-topbar-header-breadcrumb-module\").should('have.text', userdata.expected);",
              "err": {},
              "uuid": "56da089d-aebc-45dd-9932-9a52bb2c8fbe",
              "parentUUID": "3f667a1a-b337-465b-8895-f6c39371bc3a",
              "isHook": false,
              "skipped": false
            }
          ],
          "suites": [],
          "passes": [
            "56da089d-aebc-45dd-9932-9a52bb2c8fbe"
          ],
          "failures": [],
          "pending": [
            "3aa0c5e4-925b-486f-a61f-1726b24a9e65"
          ],
          "skipped": [],
          "duration": 22435,
          "root": false,
          "rootEmpty": false,
          "_timeout": 2000
        }
      ],
      "passes": [],
      "failures": [],
      "pending": [],
      "skipped": [],
      "duration": 0,
      "root": true,
      "rootEmpty": true,
      "_timeout": 2000
    }
  ],
  "meta": {
    "mocha": {
      "version": "7.0.1"
    },
    "mochawesome": {
      "options": {
        "quiet": false,
        "reportFilename": "mochawesome",
        "saveHtml": false,
        "saveJson": true,
        "consoleReporter": "spec",
        "useInlineDiffs": false,
        "code": true
      },
      "version": "7.1.3"
    },
    "marge": {
      "options": {
        "overwrite": false,
        "html": false,
        "json": true,
        "reportDir": "cypress\\reports\\html\\.jsons"
      },
      "version": "6.2.0"
    }
  }
}