{
  "stats": {
    "suites": 1,
    "tests": 2,
    "passes": 2,
    "pending": 0,
    "failures": 0,
    "start": "2023-10-10T17:09:51.276Z",
    "end": "2023-10-10T17:09:54.415Z",
    "duration": 3139,
    "testsRegistered": 2,
    "passPercent": 100,
    "pendingPercent": 0,
    "other": 0,
    "hasOther": false,
    "skipped": 0,
    "hasSkipped": false
  },
  "results": [
    {
      "uuid": "8478831b-8f1f-4f93-86bb-1fd3c110bf0a",
      "title": "",
      "fullFile": "cypress\\e2e\\API-Test\\7.ParsingXMLresponse.cy.js",
      "file": "cypress\\e2e\\API-Test\\7.ParsingXMLresponse.cy.js",
      "beforeHooks": [],
      "afterHooks": [],
      "tests": [],
      "suites": [
        {
          "uuid": "652384e9-b509-421c-a712-e936796158f9",
          "title": "XML parsing",
          "fullFile": "",
          "file": "",
          "beforeHooks": [],
          "afterHooks": [],
          "tests": [
            {
              "title": "create pet",
              "fullTitle": "XML parsing create pet",
              "timedOut": null,
              "duration": 2275,
              "state": "passed",
              "speed": "fast",
              "pass": true,
              "fail": false,
              "pending": false,
              "context": "{\n  \"title\": \"cypress-mochawesome-reporter-videos\",\n  \"value\": \"cypress\\\\e2e\\\\API-Test\\\\7.ParsingXMLresponse.cy.js\"\n}",
              "code": "cy.request({\n  method: 'POST',\n  url: 'https://petstore.swagger.io/v2/pet',\n  body: xmlPayload,\n  headers: {\n    'Content-Type': 'application/xml',\n    'accept': 'application/xml'\n  }\n}).then(response => {\n  expect(response.status).to.equal(200);\n  parser.parseString(response.body, (err, result) => {\n    pet_id = result.Pet.id;\n  });\n});",
              "err": {},
              "uuid": "8bce164b-5834-4fa7-93b4-bb22c65f6443",
              "parentUUID": "652384e9-b509-421c-a712-e936796158f9",
              "isHook": false,
              "skipped": false
            },
            {
              "title": "fetching pet",
              "fullTitle": "XML parsing fetching pet",
              "timedOut": null,
              "duration": 770,
              "state": "passed",
              "speed": "fast",
              "pass": true,
              "fail": false,
              "pending": false,
              "context": "{\n  \"title\": \"cypress-mochawesome-reporter-videos\",\n  \"value\": \"cypress\\\\e2e\\\\API-Test\\\\7.ParsingXMLresponse.cy.js\"\n}",
              "code": "cy.request({\n  method: 'GET',\n  url: 'https://petstore.swagger.io/v2/pet/' + pet_id,\n  headers: {\n    'accept': 'application/xml'\n  }\n}).then(response => {\n  expect(response.status).to.equal(200);\n  parser.parseString(response.body, (err, result) => {\n    expect(result.Pet.id).to.equal(pet_id);\n    expect(result.Pet.name).to.equal('doggie');\n  });\n});",
              "err": {},
              "uuid": "02fd0a33-e45b-49ad-926c-a2ba30b59ea0",
              "parentUUID": "652384e9-b509-421c-a712-e936796158f9",
              "isHook": false,
              "skipped": false
            }
          ],
          "suites": [],
          "passes": [
            "8bce164b-5834-4fa7-93b4-bb22c65f6443",
            "02fd0a33-e45b-49ad-926c-a2ba30b59ea0"
          ],
          "failures": [],
          "pending": [],
          "skipped": [],
          "duration": 3045,
          "root": false,
          "rootEmpty": false,
          "_timeout": 2000
        }
      ],
      "passes": [],
      "failures": [],
      "pending": [],
      "skipped": [],
      "duration": 0,
      "root": true,
      "rootEmpty": true,
      "_timeout": 2000
    }
  ],
  "meta": {
    "mocha": {
      "version": "7.0.1"
    },
    "mochawesome": {
      "options": {
        "quiet": false,
        "reportFilename": "mochawesome",
        "saveHtml": false,
        "saveJson": true,
        "consoleReporter": "spec",
        "useInlineDiffs": false,
        "code": true
      },
      "version": "7.1.3"
    },
    "marge": {
      "options": {
        "overwrite": false,
        "html": false,
        "json": true,
        "reportDir": "cypress\\reports\\html\\.jsons"
      },
      "version": "6.2.0"
    }
  }
}