{
  "stats": {
    "suites": 1,
    "tests": 1,
    "passes": 1,
    "pending": 0,
    "failures": 0,
    "start": "2023-10-10T17:09:41.604Z",
    "end": "2023-10-10T17:09:42.533Z",
    "duration": 929,
    "testsRegistered": 1,
    "passPercent": 100,
    "pendingPercent": 0,
    "other": 0,
    "hasOther": false,
    "skipped": 0,
    "hasSkipped": false
  },
  "results": [
    {
      "uuid": "6c69ff9a-000d-46a1-bad2-bc0fc790b1b6",
      "title": "",
      "fullFile": "cypress\\e2e\\API-Test\\3.QueryParameter.cy.js",
      "file": "cypress\\e2e\\API-Test\\3.QueryParameter.cy.js",
      "beforeHooks": [],
      "afterHooks": [],
      "tests": [],
      "suites": [
        {
          "uuid": "a4d51e2e-485d-41da-b934-39af9cc05c0a",
          "title": "api test",
          "fullFile": "",
          "file": "",
          "beforeHooks": [],
          "afterHooks": [],
          "tests": [
            {
              "title": "query parameter",
              "fullTitle": "api test query parameter",
              "timedOut": null,
              "duration": 629,
              "state": "passed",
              "speed": "fast",
              "pass": true,
              "fail": false,
              "pending": false,
              "context": "{\n  \"title\": \"cypress-mochawesome-reporter-videos\",\n  \"value\": \"cypress\\\\e2e\\\\API-Test\\\\3.QueryParameter.cy.js\"\n}",
              "code": "cy.request({\n  method: 'GET',\n  url: 'https://reqres.in/api/users',\n  //https://reqres.in/api/users?page=2\n  qs: QueryParam //query parameter: {page:2}  \n}).then(response => {\n  expect(response.status).to.eq(200);\n  expect(response.status).equal(200);\n  expect(response.body.page).equal(2);\n  expect(response.body.total_pages).equal(2);\n  expect(response.body.data).has.length(6);\n  expect(response.body.data[0]).have.property('id', 7);\n  expect(response.body.data[0]).have.property('first_name', 'Michael');\n});",
              "err": {},
              "uuid": "ea2648e9-7aaa-4e0e-94b6-b872eb5e74a8",
              "parentUUID": "a4d51e2e-485d-41da-b934-39af9cc05c0a",
              "isHook": false,
              "skipped": false
            }
          ],
          "suites": [],
          "passes": [
            "ea2648e9-7aaa-4e0e-94b6-b872eb5e74a8"
          ],
          "failures": [],
          "pending": [],
          "skipped": [],
          "duration": 629,
          "root": false,
          "rootEmpty": false,
          "_timeout": 2000
        }
      ],
      "passes": [],
      "failures": [],
      "pending": [],
      "skipped": [],
      "duration": 0,
      "root": true,
      "rootEmpty": true,
      "_timeout": 2000
    }
  ],
  "meta": {
    "mocha": {
      "version": "7.0.1"
    },
    "mochawesome": {
      "options": {
        "quiet": false,
        "reportFilename": "mochawesome",
        "saveHtml": false,
        "saveJson": true,
        "consoleReporter": "spec",
        "useInlineDiffs": false,
        "code": true
      },
      "version": "7.1.3"
    },
    "marge": {
      "options": {
        "overwrite": false,
        "html": false,
        "json": true,
        "reportDir": "cypress\\reports\\html\\.jsons"
      },
      "version": "6.2.0"
    }
  }
}