{
  "stats": {
    "suites": 1,
    "tests": 1,
    "passes": 1,
    "pending": 0,
    "failures": 0,
    "start": "2023-10-10T17:11:03.400Z",
    "end": "2023-10-10T17:11:17.289Z",
    "duration": 13889,
    "testsRegistered": 1,
    "passPercent": 100,
    "pendingPercent": 0,
    "other": 0,
    "hasOther": false,
    "skipped": 0,
    "hasSkipped": false
  },
  "results": [
    {
      "uuid": "f833c134-0716-4852-82aa-52aae9d916b0",
      "title": "",
      "fullFile": "cypress\\e2e\\API-Test\\8.Authen.cy.js",
      "file": "cypress\\e2e\\API-Test\\8.Authen.cy.js",
      "beforeHooks": [],
      "afterHooks": [],
      "tests": [],
      "suites": [
        {
          "uuid": "0685926f-9d77-4287-a828-6e3a60e2b8d9",
          "title": " api test",
          "fullFile": "",
          "file": "",
          "beforeHooks": [],
          "afterHooks": [],
          "tests": [
            {
              "title": "API key ",
              "fullTitle": " api test API key ",
              "timedOut": null,
              "duration": 13644,
              "state": "passed",
              "speed": "slow",
              "pass": true,
              "fail": false,
              "pending": false,
              "context": "{\n  \"title\": \"cypress-mochawesome-reporter-videos\",\n  \"value\": \"cypress\\\\e2e\\\\API-Test\\\\8.Authen.cy.js\"\n}",
              "code": "cy.request({\n  method: 'GET',\n  url: 'https://api.openweathermap.org/data/2.5/weather',\n  qs: {\n    q: 'London',\n    appid: 'bf65d00e699796724d8bd5745fcee551'\n  }\n}).then(response => {\n  expect(response.status).to.equal(200);\n  // expect(response.body[0].id).to.equal(172880134)\n});",
              "err": {},
              "uuid": "e36139ef-4849-42b4-8f01-c181a6ece7c8",
              "parentUUID": "0685926f-9d77-4287-a828-6e3a60e2b8d9",
              "isHook": false,
              "skipped": false
            }
          ],
          "suites": [],
          "passes": [
            "e36139ef-4849-42b4-8f01-c181a6ece7c8"
          ],
          "failures": [],
          "pending": [],
          "skipped": [],
          "duration": 13644,
          "root": false,
          "rootEmpty": false,
          "_timeout": 2000
        }
      ],
      "passes": [],
      "failures": [],
      "pending": [],
      "skipped": [],
      "duration": 0,
      "root": true,
      "rootEmpty": true,
      "_timeout": 2000
    }
  ],
  "meta": {
    "mocha": {
      "version": "7.0.1"
    },
    "mochawesome": {
      "options": {
        "quiet": false,
        "reportFilename": "mochawesome",
        "saveHtml": false,
        "saveJson": true,
        "consoleReporter": "spec",
        "useInlineDiffs": false,
        "code": true
      },
      "version": "7.1.3"
    },
    "marge": {
      "options": {
        "overwrite": false,
        "html": false,
        "json": true,
        "reportDir": "cypress\\reports\\html\\.jsons"
      },
      "version": "6.2.0"
    }
  }
}