{
  "stats": {
    "suites": 1,
    "tests": 1,
    "passes": 1,
    "pending": 0,
    "failures": 0,
    "start": "2023-10-06T07:48:05.456Z",
    "end": "2023-10-06T07:48:23.171Z",
    "duration": 17715,
    "testsRegistered": 1,
    "passPercent": 100,
    "pendingPercent": 0,
    "other": 0,
    "hasOther": false,
    "skipped": 0,
    "hasSkipped": false
  },
  "results": [
    {
      "uuid": "3b7550b1-b3c3-4e77-91e0-75c15f42aec9",
      "title": "",
      "fullFile": "cypress\\e2e\\10.Handle_File.cy.js",
      "file": "cypress\\e2e\\10.Handle_File.cy.js",
      "beforeHooks": [],
      "afterHooks": [],
      "tests": [],
      "suites": [
        {
          "uuid": "4e14ce03-8346-4e38-a3b6-c4a925b828d6",
          "title": "handle file Upload",
          "fullFile": "",
          "file": "",
          "beforeHooks": [],
          "afterHooks": [],
          "tests": [
            {
              "title": "File Upload - Shadow Dom",
              "fullTitle": "handle file Upload File Upload - Shadow Dom",
              "timedOut": null,
              "duration": 10118,
              "state": "passed",
              "speed": "slow",
              "pass": true,
              "fail": false,
              "pending": false,
              "context": "{\n  \"title\": \"cypress-mochawesome-reporter-videos\",\n  \"value\": \"cypress\\\\e2e\\\\10.Handle_File.cy.js\"\n}",
              "code": "cy.visit(\"https://www.htmlelements.com/demos/fileupload/shadow-dom/index.htm\");\ncy.get(\".smart-browse-input\", {\n  includeShadowDom: true\n}).attachFile('test1.png');\ncy.wait(2000);\ncy.get(\".smart-item-name\", {\n  includeShadowDom: true\n}).contains('test1.png');",
              "err": {},
              "uuid": "3cd24d03-f119-4119-a3b7-64f8c2ae30e0",
              "parentUUID": "4e14ce03-8346-4e38-a3b6-c4a925b828d6",
              "isHook": false,
              "skipped": false
            }
          ],
          "suites": [],
          "passes": [
            "3cd24d03-f119-4119-a3b7-64f8c2ae30e0"
          ],
          "failures": [],
          "pending": [],
          "skipped": [],
          "duration": 10118,
          "root": false,
          "rootEmpty": false,
          "_timeout": 2000
        }
      ],
      "passes": [],
      "failures": [],
      "pending": [],
      "skipped": [],
      "duration": 0,
      "root": true,
      "rootEmpty": true,
      "_timeout": 2000
    }
  ],
  "meta": {
    "mocha": {
      "version": "7.0.1"
    },
    "mochawesome": {
      "options": {
        "quiet": false,
        "reportFilename": "mochawesome",
        "saveHtml": false,
        "saveJson": true,
        "consoleReporter": "spec",
        "useInlineDiffs": false,
        "code": true
      },
      "version": "7.1.3"
    },
    "marge": {
      "options": {
        "overwrite": false,
        "html": false,
        "json": true,
        "reportDir": "cypress\\reports\\html\\.jsons"
      },
      "version": "6.2.0"
    }
  }
}