{
  "stats": {
    "suites": 1,
    "tests": 3,
    "passes": 3,
    "pending": 0,
    "failures": 0,
    "start": "2023-10-06T07:49:07.266Z",
    "end": "2023-10-06T07:49:08.595Z",
    "duration": 1329,
    "testsRegistered": 3,
    "passPercent": 100,
    "pendingPercent": 0,
    "other": 0,
    "hasOther": false,
    "skipped": 0,
    "hasSkipped": false
  },
  "results": [
    {
      "uuid": "905c6319-0359-4775-ab0a-e30deb49a691",
      "title": "",
      "fullFile": "cypress\\e2e\\11.Hooks-Tags.cy.js",
      "file": "cypress\\e2e\\11.Hooks-Tags.cy.js",
      "beforeHooks": [],
      "afterHooks": [],
      "tests": [],
      "suites": [
        {
          "uuid": "ae98526f-80ee-4a72-ada8-669cbceb25ca",
          "title": "MyTestSuite",
          "fullFile": "",
          "file": "",
          "beforeHooks": [],
          "afterHooks": [],
          "tests": [
            {
              "title": "search",
              "fullTitle": "MyTestSuite search",
              "timedOut": null,
              "duration": 709,
              "state": "passed",
              "speed": "fast",
              "pass": true,
              "fail": false,
              "pending": false,
              "context": "{\n  \"title\": \"cypress-mochawesome-reporter-videos\",\n  \"value\": \"cypress\\\\e2e\\\\11.Hooks-Tags.cy.js\"\n}",
              "code": "cy.log('********* Search   *************');",
              "err": {},
              "uuid": "7031ec0a-4ad3-429c-9c30-66209ed39887",
              "parentUUID": "ae98526f-80ee-4a72-ada8-669cbceb25ca",
              "isHook": false,
              "skipped": false
            },
            {
              "title": "advanced search",
              "fullTitle": "MyTestSuite advanced search",
              "timedOut": null,
              "duration": 281,
              "state": "passed",
              "speed": "fast",
              "pass": true,
              "fail": false,
              "pending": false,
              "context": "{\n  \"title\": \"cypress-mochawesome-reporter-videos\",\n  \"value\": \"cypress\\\\e2e\\\\11.Hooks-Tags.cy.js\"\n}",
              "code": "cy.log('********* Advanced Search   *************');",
              "err": {},
              "uuid": "343a2c42-364a-47dc-a226-6975bd112b44",
              "parentUUID": "ae98526f-80ee-4a72-ada8-669cbceb25ca",
              "isHook": false,
              "skipped": false
            },
            {
              "title": "listing products",
              "fullTitle": "MyTestSuite listing products",
              "timedOut": null,
              "duration": 208,
              "state": "passed",
              "speed": "fast",
              "pass": true,
              "fail": false,
              "pending": false,
              "context": "{\n  \"title\": \"cypress-mochawesome-reporter-videos\",\n  \"value\": \"cypress\\\\e2e\\\\11.Hooks-Tags.cy.js\"\n}",
              "code": "cy.log('********* Listing Products   *************');",
              "err": {},
              "uuid": "ee5a43f2-d663-41ff-84a7-753f1bdebf24",
              "parentUUID": "ae98526f-80ee-4a72-ada8-669cbceb25ca",
              "isHook": false,
              "skipped": false
            }
          ],
          "suites": [],
          "passes": [
            "7031ec0a-4ad3-429c-9c30-66209ed39887",
            "343a2c42-364a-47dc-a226-6975bd112b44",
            "ee5a43f2-d663-41ff-84a7-753f1bdebf24"
          ],
          "failures": [],
          "pending": [],
          "skipped": [],
          "duration": 1198,
          "root": false,
          "rootEmpty": false,
          "_timeout": 2000
        }
      ],
      "passes": [],
      "failures": [],
      "pending": [],
      "skipped": [],
      "duration": 0,
      "root": true,
      "rootEmpty": true,
      "_timeout": 2000
    }
  ],
  "meta": {
    "mocha": {
      "version": "7.0.1"
    },
    "mochawesome": {
      "options": {
        "quiet": false,
        "reportFilename": "mochawesome",
        "saveHtml": false,
        "saveJson": true,
        "consoleReporter": "spec",
        "useInlineDiffs": false,
        "code": true
      },
      "version": "7.1.3"
    },
    "marge": {
      "options": {
        "overwrite": false,
        "html": false,
        "json": true,
        "reportDir": "cypress\\reports\\html\\.jsons"
      },
      "version": "6.2.0"
    }
  }
}